<?xml version="1.0" encoding="UTF-8"?>
<testng-results ignored="4" total="6" passed="2" failed="0" skipped="0">
  <reporter-output>
  </reporter-output>
  <suite started-at="2024-12-16T12:39:29 IST" name="Suite" finished-at="2024-12-16T12:39:58 IST" duration-ms="28749">
    <groups>
    </groups>
    <test started-at="2024-12-16T12:39:29 IST" name="Test" finished-at="2024-12-16T12:39:58 IST" duration-ms="28749">
      <class name="WebSite.vTigerTest">
        <test-method is-config="true" signature="BefSuite()[pri:0, instance:WebSite.vTigerTest@1189dd52]" started-at="2024-12-16T12:39:29 IST" name="BefSuite" finished-at="2024-12-16T12:39:29 IST" duration-ms="18" status="PASS">
          <reporter-output>
          </reporter-output>
        </test-method> <!-- BefSuite -->
        <test-method is-config="true" signature="BefTest()[pri:0, instance:WebSite.vTigerTest@1189dd52]" started-at="2024-12-16T12:39:29 IST" name="BefTest" finished-at="2024-12-16T12:39:29 IST" duration-ms="0" status="PASS">
          <reporter-output>
          </reporter-output>
        </test-method> <!-- BefTest -->
        <test-method is-config="true" signature="BefClass()[pri:0, instance:WebSite.vTigerTest@1189dd52]" started-at="2024-12-16T12:39:29 IST" name="BefClass" finished-at="2024-12-16T12:39:33 IST" duration-ms="3354" status="PASS">
          <reporter-output>
          </reporter-output>
        </test-method> <!-- BefClass -->
        <test-method is-config="true" signature="BefMethod()[pri:0, instance:WebSite.vTigerTest@1189dd52]" started-at="2024-12-16T12:39:33 IST" name="BefMethod" finished-at="2024-12-16T12:39:42 IST" duration-ms="9345" status="PASS">
          <reporter-output>
          </reporter-output>
        </test-method> <!-- BefMethod -->
        <test-method signature="method()[pri:0, instance:WebSite.vTigerTest@1189dd52]" started-at="2024-12-16T12:39:42 IST" name="method" finished-at="2024-12-16T12:39:42 IST" duration-ms="33" status="PASS">
          <reporter-output>
          </reporter-output>
        </test-method> <!-- method -->
        <test-method is-config="true" signature="AftMethod()[pri:0, instance:WebSite.vTigerTest@1189dd52]" started-at="2024-12-16T12:39:42 IST" name="AftMethod" finished-at="2024-12-16T12:39:42 IST" duration-ms="5" status="PASS">
          <reporter-output>
          </reporter-output>
        </test-method> <!-- AftMethod -->
        <test-method is-config="true" signature="AftClass()[pri:0, instance:WebSite.vTigerTest@1189dd52]" started-at="2024-12-16T12:39:42 IST" name="AftClass" finished-at="2024-12-16T12:39:44 IST" duration-ms="1657" status="PASS">
          <reporter-output>
          </reporter-output>
        </test-method> <!-- AftClass -->
        <test-method is-config="true" signature="AftTest()[pri:0, instance:WebSite.vTigerTest@1189dd52]" started-at="2024-12-16T12:39:58 IST" name="AftTest" finished-at="2024-12-16T12:39:58 IST" duration-ms="0" status="PASS">
          <reporter-output>
          </reporter-output>
        </test-method> <!-- AftTest -->
        <test-method is-config="true" signature="AftSuite()[pri:0, instance:WebSite.vTigerTest@1189dd52]" started-at="2024-12-16T12:39:58 IST" name="AftSuite" finished-at="2024-12-16T12:39:58 IST" duration-ms="0" status="PASS">
          <reporter-output>
          </reporter-output>
        </test-method> <!-- AftSuite -->
      </class> <!-- WebSite.vTigerTest -->
      <class name="WebSite.vTiger2Test">
        <test-method is-config="true" signature="BefClass()[pri:0, instance:WebSite.vTiger2Test@436813f3]" started-at="2024-12-16T12:39:44 IST" name="BefClass" finished-at="2024-12-16T12:39:46 IST" duration-ms="2473" status="PASS">
          <reporter-output>
          </reporter-output>
        </test-method> <!-- BefClass -->
        <test-method is-config="true" signature="BefMethod()[pri:0, instance:WebSite.vTiger2Test@436813f3]" started-at="2024-12-16T12:39:46 IST" name="BefMethod" finished-at="2024-12-16T12:39:56 IST" duration-ms="9925" status="PASS">
          <reporter-output>
          </reporter-output>
        </test-method> <!-- BefMethod -->
        <test-method signature="method2()[pri:0, instance:WebSite.vTiger2Test@436813f3]" started-at="2024-12-16T12:39:56 IST" name="method2" finished-at="2024-12-16T12:39:56 IST" duration-ms="8" status="PASS">
          <reporter-output>
          </reporter-output>
        </test-method> <!-- method2 -->
        <test-method is-config="true" signature="AftMethod()[pri:0, instance:WebSite.vTiger2Test@436813f3]" started-at="2024-12-16T12:39:56 IST" name="AftMethod" finished-at="2024-12-16T12:39:56 IST" duration-ms="2" status="PASS">
          <reporter-output>
          </reporter-output>
        </test-method> <!-- AftMethod -->
        <test-method is-config="true" signature="AftClass()[pri:0, instance:WebSite.vTiger2Test@436813f3]" started-at="2024-12-16T12:39:56 IST" name="AftClass" finished-at="2024-12-16T12:39:58 IST" duration-ms="1840" status="PASS">
          <reporter-output>
          </reporter-output>
        </test-method> <!-- AftClass -->
      </class> <!-- WebSite.vTiger2Test -->
    </test> <!-- Test -->
  </suite> <!-- Suite -->
</testng-results>
