<?xml version="1.0" encoding="UTF-8"?>
<!-- Generated by org.testng.reporters.JUnitXMLReporter -->
<testsuite ignored="4" hostname="DivyaJyothi" failures="0" tests="2" name="Test" time="28.749" errors="0" timestamp="2024-12-16T12:39:58 IST">
  <testcase classname="WebSite.vTigerTest" name="method" time="0.033"/>
  <testcase classname="WebSite.vTiger2Test" name="method2" time="0.008"/>
  <testcase classname="Generic_Utilities.BaseClass" name="@BeforeSuite BefSuite" time="0.0">
    <ignored/>
  </testcase> <!-- @BeforeSuite BefSuite -->
  <testcase classname="Generic_Utilities.BaseClass" name="@BeforeTest BefTest" time="0.0">
    <ignored/>
  </testcase> <!-- @BeforeTest BefTest -->
  <testcase classname="Generic_Utilities.BaseClass" name="@AfterTest AftTest" time="0.0">
    <ignored/>
  </testcase> <!-- @AfterTest AftTest -->
  <testcase classname="Generic_Utilities.BaseClass" name="@AfterSuite AftSuite" time="0.0">
    <ignored/>
  </testcase> <!-- @AfterSuite AftSuite -->
</testsuite> <!-- Test -->
